<?xml version="1.0" encoding="UTF-8"?>
<testng-results ignored="0" total="1" passed="1" failed="0" skipped="0">
  <reporter-output>
  </reporter-output>
  <suite started-at="2022-02-20T16:13:03 IST" name="Default suite" finished-at="2022-02-20T16:14:07 IST" duration-ms="63759">
    <groups>
    </groups>
    <test started-at="2022-02-20T16:13:03 IST" name="Default test" finished-at="2022-02-20T16:14:07 IST" duration-ms="63759">
      <class name="testng.maven.selenium.SeleniumDemo">
        <test-method signature="mainTest()[pri:0, instance:testng.maven.selenium.SeleniumDemo@70cf32e3]" started-at="2022-02-20T16:13:03 IST" name="mainTest" finished-at="2022-02-20T16:14:07 IST" duration-ms="63675" status="PASS">
          <reporter-output>
          </reporter-output>
        </test-method> <!-- mainTest -->
      </class> <!-- testng.maven.selenium.SeleniumDemo -->
    </test> <!-- Default test -->
  </suite> <!-- Default suite -->
</testng-results>
